1
0
1
ASSEMBLY
2
GBS-1
GBS_FUSED
TOWER-1
TOWER
2
GBS-1
14
-2147483646
0
48 1 16 5 0 1 0 -1 -1 310 1 -1879048189 1 310 
14
48 1 16 5 0 1 0 -1 -1 310 1 -1879048189 1 310 
TOWER-1
171
311 1
312 2
313 3
314 4
315 5
316 6
317 7
318 8
319 9
320 10
321 11
322 12
323 13
324 14
325 15
326 16
327 17
328 18
329 19
330 20
331 21
332 22
333 23
334 24
335 25
336 26
337 27
338 28
339 29
340 30
341 31
342 32
343 33
344 34
345 35
346 36
347 37
348 38
349 39
350 40
351 41
352 42
353 43
354 44
355 45
356 46
357 47
358 48
359 49
360 50
361 51
362 52
363 53
364 54
365 55
366 56
367 57
368 58
369 59
370 60
371 61
372 62
373 63
374 64
375 65
376 66
377 67
378 68
379 69
380 70
381 71
382 72
383 73
384 74
385 75
386 76
387 77
388 78
389 79
390 80
391 81
392 82
393 83
394 84
395 85
396 86
397 87
398 88
399 89
400 90
401 91
402 92
403 93
404 94
405 95
406 96
407 97
408 98
409 99
410 100
411 101
412 102
413 103
414 104
415 105
416 106
417 107
418 108
419 109
420 110
421 111
422 112
423 113
424 114
425 115
426 116
427 117
428 118
429 119
430 120
431 121
432 122
433 123
434 124
435 125
436 126
437 127
438 128
439 129
440 130
441 131
442 132
443 133
444 134
445 135
446 136
447 137
448 138
449 139
450 140
451 141
452 142
453 143
454 144
455 145
456 146
457 147
458 148
459 149
460 150
461 151
462 152
463 153
464 154
465 155
466 156
467 157
468 158
469 159
470 160
471 161
472 162
473 163
474 164
475 165
476 166
477 167
478 168
479 169
480 170
481 171
-2147483647
0
2
GBS-1
14
-2147483646
0
48 1 16 5 0 1 0 -1 -1 934 1 -1879048189 1 934 
14
48 1 16 5 0 1 0 -1 -1 934 1 -1879048189 1 934 
TOWER-1
96
935 1
936 2
937 3
938 4
939 5
940 6
941 7
942 8
943 9
944 10
945 11
946 12
947 13
948 14
949 15
950 16
951 17
952 18
953 19
954 20
955 21
956 22
957 23
958 24
959 25
960 26
961 27
962 28
963 29
964 30
965 31
966 32
967 33
968 34
969 35
970 36
971 37
972 38
973 39
974 40
975 41
976 42
977 43
978 44
979 45
980 46
981 47
982 48
983 49
984 50
985 51
986 52
987 53
988 54
989 55
990 56
991 57
992 58
993 59
994 60
995 61
996 62
997 63
998 64
999 65
1000 66
1001 67
1002 68
1003 69
1004 70
1005 71
1006 72
1007 73
1008 74
1009 75
1010 76
1011 77
1012 78
1013 79
1014 80
1015 81
1016 82
1017 83
1018 84
1019 85
1020 86
1021 87
1022 88
1023 89
1024 90
1025 91
1026 92
1027 93
1028 94
1029 95
1030 96
-2147483647
0
13

0
2
0
2
GBS-1
14
-2147483647
48 1 16 5 0 1 0 -1 -1 934 1 -1879048189 1 934 
TOWER-1
96
935 936 937 938 939 940 941 942 943 944 945 946 947 948 949 950 951 952 953 954 955 956 957 958 959 960 961 962 963 964 965 966 967 968 969 970 971 972 973 974 975 976 977 978 979 980 981 982 983 984 985 986 987 988 989 990 991 992 993 994 995 996 997 998 999 1000 1001 1002 1003 1004 1005 1006 1007 1008 1009 1010 1011 1012 1013 1014 1015 1016 1017 1018 1019 1020 1021 1022 1023 1024 1025 1026 1027 1028 1029 1030 
0
BASE_GBS_SET
0
1
0
1
GBS-1
71
4 6 8 10 14 16 17 18 19 20 21 27 28 30 31 35 42 50 52 54 56 57 62 65 67 73 76 83 84 86 94 96 103 104 113 114 115 126 129 143 147 148 154 156 157 161 162 168 169 176 178 189 198 201 205 206 213 217 218 220 222 223 226 228 230 235 240 245 246 248 249 
0
WarnElemDistorted
0
1
0
2
GBS-1
44
-2147483647
168 1 16 35 0 1 0 -1 -1 321 1 -1073741821 2 960 134217729 33554960 1090519040 -2011164672 537925640 21499936 16397 -536403582 -68059418 -797346682 -342764647 -1770160176 86856414 958031053 -382939596 1467354274 326199839 -350245876 1515061568 857207756 -1749509638 1606977678 605622784 1095254529 -1978662720 638124136 -2077226620 -2133704640 1620314197 16 
TOWER-1
16
949 953 961 965 973 977 985 989 997 1001 1009 1013 1020 1021 1025 1026 
0
_GLOBAL_OUTER_SURFACE_S1
0
2
0
1
GBS-1
71
60 64 69 95 124 128 148 204 262 263 272 287 306 326 338 347 353 358 360 361 390 405 418 424 428 437 445 454 455 490 493 499 509 526 530 542 552 556 563 576 584 593 628 634 640 643 662 663 665 685 746 775 776 777 778 786 787 790 791 792 793 794 801 808 821 838 849 867 908 912 916 
0
_GLOBAL_OUTER_SURFACE_S2
0
2
0
1
GBS-1
64
65 97 98 109 255 269 271 278 310 322 329 331 336 337 345 362 367 379 421 460 465 471 474 506 511 512 557 569 577 592 608 620 647 648 659 661 666 668 681 707 709 713 715 727 729 735 743 750 769 771 780 807 841 842 845 846 853 854 860 904 913 915 928 933 
0
_GLOBAL_OUTER_SURFACE_S3
0
2
0
2
GBS-1
74
1 4 7 10 15 31 54 55 56 57 67 68 73 76 84 94 106 117 131 157 162 170 199 257 274 283 297 305 354 363 373 375 382 398 400 410 452 481 512 538 561 573 589 605 606 635 654 688 694 703 704 712 717 730 732 734 767 772 799 805 831 834 836 839 875 877 883 888 889 890 891 902 920 927 
TOWER-1
8
938 950 962 974 986 998 1010 1022 
0
_GLOBAL_OUTER_SURFACE_S4
0
2
0
2
GBS-1
63
61 70 78 254 258 259 267 282 285 291 309 346 365 402 420 442 464 469 473 516 525 535 559 564 586 617 627 630 638 650 653 667 673 714 716 721 723 725 728 736 738 742 747 751 752 754 757 759 760 761 782 810 817 830 832 855 886 893 895 897 901 905 922 
TOWER-1
16
936 939 948 951 960 963 972 975 984 987 996 999 1008 1011 1020 1023 
0
_GLOBAL_OUTER_SURFACE_S5
0
2
0
1
TOWER-1
24
942 944 945 954 956 957 966 968 969 978 980 981 990 992 993 1002 1004 1005 1014 1016 1017 1026 1028 1029 
0
_GLOBAL_OUTER_SURFACE_S6
0
2
0
1
TOWER-1
16
935 943 947 955 959 967 971 979 983 991 995 1003 1007 1015 1019 1027 
0
_SURF_TIE_MAIN_GBS_S1
0
2
0
1
GBS-1
1
832 
0
_SURF_TIE_MAIN_GBS_S2
0
2
0
1
GBS-1
5
737 838 895 907 922 
0
_SURF_TIE_MAIN_GBS_S3
0
2
0
1
GBS-1
11
687 692 705 706 758 825 887 914 924 930 931 
0
_SURF_TIE_SECONDARY_TOWER_S2
0
2
0
1
TOWER-1
12
1019 1020 1021 1022 1023 1024 1025 1026 1027 1028 1029 1030 
0
2
GBS-1
9
 P       1
0
2
14
-2147483647
48 1 16 5 0 1 0 -1 -1 934 1 -1879048189 1 934 
0
0
 P       1WarnElemDistorted
0
2
44
-2147483647
168 1 16 35 0 1 0 -1 -1 321 1 -1073741821 2 960 134217729 33554960 1090519040 -2011164672 537925640 21499936 16397 -536403582 -68059418 -797346682 -342764647 -1770160176 86856414 958031053 -382939596 1467354274 326199839 -350245876 1515061568 857207756 -1749509638 1606977678 605622784 1095254529 -1978662720 638124136 -2077226620 -2133704640 1620314197 16 
0
0
 P       1_GLOBAL_OUTER_SURFACE_S3
0
2
74
1 4 7 10 15 31 54 55 56 57 67 68 73 76 84 94 106 117 131 157 162 170 199 257 274 283 297 305 354 363 373 375 382 398 400 410 452 481 512 538 561 573 589 605 606 635 654 688 694 703 704 712 717 730 732 734 767 772 799 805 831 834 836 839 875 877 883 888 889 890 891 902 920 927 
0
0
 P       1_GLOBAL_OUTER_SURFACE_S4
0
2
63
61 70 78 254 258 259 267 282 285 291 309 346 365 402 420 442 464 469 473 516 525 535 559 564 586 617 627 630 638 650 653 667 673 714 716 721 723 725 728 736 738 742 747 751 752 754 757 759 760 761 782 810 817 830 832 855 886 893 895 897 901 905 922 
0
0
SET_MATERIAL_WHOLEPART
0
1
14
-2147483647
48 1 16 5 0 1 0 -1 -1 934 1 -1879048189 1 934 
0
0
_GBS_OUTER_SURFACE_S1
0
2
71
60 64 69 95 124 128 148 204 262 263 272 287 306 326 338 347 353 358 360 361 390 405 418 424 428 437 445 454 455 490 493 499 509 526 530 542 552 556 563 576 584 593 628 634 640 643 662 663 665 685 746 775 776 777 778 786 787 790 791 792 793 794 801 808 821 838 849 867 908 912 916 
0
0
_GBS_OUTER_SURFACE_S2
0
2
64
65 97 98 109 255 269 271 278 310 322 329 331 336 337 345 362 367 379 421 460 465 471 474 506 511 512 557 569 577 592 608 620 647 648 659 661 666 668 681 707 709 713 715 727 729 735 743 750 769 771 780 807 841 842 845 846 853 854 860 904 913 915 928 933 
0
0
_GBS_OUTER_SURFACE_S3
0
2
74
1 4 7 10 15 31 54 55 56 57 67 68 73 76 84 94 106 117 131 157 162 170 199 257 274 283 297 305 354 363 373 375 382 398 400 410 452 481 512 538 561 573 589 605 606 635 654 688 694 703 704 712 717 730 732 734 767 772 799 805 831 834 836 839 875 877 883 888 889 890 891 902 920 927 
0
0
_GBS_OUTER_SURFACE_S4
0
2
63
61 70 78 254 258 259 267 282 285 291 309 346 365 402 420 442 464 469 473 516 525 535 559 564 586 617 627 630 638 650 653 667 673 714 716 721 723 725 728 736 738 742 747 751 752 754 757 759 760 761 782 810 817 830 832 855 886 893 895 897 901 905 922 
0
0
0
TOWER-1
9
 P       2
0
2
96
935 936 937 938 939 940 941 942 943 944 945 946 947 948 949 950 951 952 953 954 955 956 957 958 959 960 961 962 963 964 965 966 967 968 969 970 971 972 973 974 975 976 977 978 979 980 981 982 983 984 985 986 987 988 989 990 991 992 993 994 995 996 997 998 999 1000 1001 1002 1003 1004 1005 1006 1007 1008 1009 1010 1011 1012 1013 1014 1015 1016 1017 1018 1019 1020 1021 1022 1023 1024 1025 1026 1027 1028 1029 1030 
0
0
 P       2WarnElemDistorted
0
2
16
949 953 961 965 973 977 985 989 997 1001 1009 1013 1020 1021 1025 1026 
0
0
 P       2_GLOBAL_OUTER_SURFACE_S3
0
2
8
938 950 962 974 986 998 1010 1022 
0
0
 P       2_GLOBAL_OUTER_SURFACE_S4
0
2
16
936 939 948 951 960 963 972 975 984 987 996 999 1008 1011 1020 1023 
0
0
SET_MATERIAL_WHOLEPART
0
1
96
935 936 937 938 939 940 941 942 943 944 945 946 947 948 949 950 951 952 953 954 955 956 957 958 959 960 961 962 963 964 965 966 967 968 969 970 971 972 973 974 975 976 977 978 979 980 981 982 983 984 985 986 987 988 989 990 991 992 993 994 995 996 997 998 999 1000 1001 1002 1003 1004 1005 1006 1007 1008 1009 1010 1011 1012 1013 1014 1015 1016 1017 1018 1019 1020 1021 1022 1023 1024 1025 1026 1027 1028 1029 1030 
0
0
_TOWER_LATERAL_SURFACE_S3
0
2
8
938 950 962 974 986 998 1010 1022 
0
0
_TOWER_LATERAL_SURFACE_S4
0
2
16
936 939 948 951 960 963 972 975 984 987 996 999 1008 1011 1020 1023 
0
0
_TOWER_LATERAL_SURFACE_S5
0
2
24
942 944 945 954 956 957 966 968 969 978 980 981 990 992 993 1002 1004 1005 1014 1016 1017 1026 1028 1029 
0
0
_TOWER_LATERAL_SURFACE_S6
0
2
16
935 943 947 955 959 967 971 979 983 991 995 1003 1007 1015 1019 1027 
0
0
0
2

0
2
0
2
GBS-1
14
-2147483647
48 1 16 5 0 1 0 -1 -1 310 1 -1879048189 1 310 
TOWER-1
171
311 312 313 314 315 316 317 318 319 320 321 322 323 324 325 326 327 328 329 330 331 332 333 334 335 336 337 338 339 340 341 342 343 344 345 346 347 348 349 350 351 352 353 354 355 356 357 358 359 360 361 362 363 364 365 366 367 368 369 370 371 372 373 374 375 376 377 378 379 380 381 382 383 384 385 386 387 388 389 390 391 392 393 394 395 396 397 398 399 400 401 402 403 404 405 406 407 408 409 410 411 412 413 414 415 416 417 418 419 420 421 422 423 424 425 426 427 428 429 430 431 432 433 434 435 436 437 438 439 440 441 442 443 444 445 446 447 448 449 450 451 452 453 454 455 456 457 458 459 460 461 462 463 464 465 466 467 468 469 470 471 472 473 474 475 476 477 478 479 480 481 
0
BASE_GBS_SET
0
1
0
1
GBS-1
46
4 50 51 52 53 54 55 56 57 58 59 60 61 62 63 64 65 66 67 119 120 121 122 123 124 125 126 127 128 129 130 131 132 133 134 135 136 137 138 139 140 141 142 143 144 145 
0
2
GBS-1
2
 P       1
0
2
14
-2147483647
48 1 16 5 0 1 0 -1 -1 310 1 -1879048189 1 310 
0
0
SET_MATERIAL_WHOLEPART
0
1
14
-2147483647
48 1 16 5 0 1 0 -1 -1 310 1 -1879048189 1 310 
0
0
0
TOWER-1
2
 P       2
0
2
171
311 312 313 314 315 316 317 318 319 320 321 322 323 324 325 326 327 328 329 330 331 332 333 334 335 336 337 338 339 340 341 342 343 344 345 346 347 348 349 350 351 352 353 354 355 356 357 358 359 360 361 362 363 364 365 366 367 368 369 370 371 372 373 374 375 376 377 378 379 380 381 382 383 384 385 386 387 388 389 390 391 392 393 394 395 396 397 398 399 400 401 402 403 404 405 406 407 408 409 410 411 412 413 414 415 416 417 418 419 420 421 422 423 424 425 426 427 428 429 430 431 432 433 434 435 436 437 438 439 440 441 442 443 444 445 446 447 448 449 450 451 452 453 454 455 456 457 458 459 460 461 462 463 464 465 466 467 468 469 470 471 472 473 474 475 476 477 478 479 480 481 
0
0
SET_MATERIAL_WHOLEPART
0
1
171
311 312 313 314 315 316 317 318 319 320 321 322 323 324 325 326 327 328 329 330 331 332 333 334 335 336 337 338 339 340 341 342 343 344 345 346 347 348 349 350 351 352 353 354 355 356 357 358 359 360 361 362 363 364 365 366 367 368 369 370 371 372 373 374 375 376 377 378 379 380 381 382 383 384 385 386 387 388 389 390 391 392 393 394 395 396 397 398 399 400 401 402 403 404 405 406 407 408 409 410 411 412 413 414 415 416 417 418 419 420 421 422 423 424 425 426 427 428 429 430 431 432 433 434 435 436 437 438 439 440 441 442 443 444 445 446 447 448 449 450 451 452 453 454 455 456 457 458 459 460 461 462 463 464 465 466 467 468 469 470 471 472 473 474 475 476 477 478 479 480 481 
0
0
0
2
GBS-1
1
GBS_OUTER_SURFACE
0
0
4
S1
71
60 64 69 95 124 128 148 204 262 263 272 287 306 326 338 347 353 358 360 361 390 405 418 424 428 437 445 454 455 490 493 499 509 526 530 542 552 556 563 576 584 593 628 634 640 643 662 663 665 685 746 775 776 777 778 786 787 790 791 792 793 794 801 808 821 838 849 867 908 912 916 
S3
74
1 4 7 10 15 31 54 55 56 57 67 68 73 76 84 94 106 117 131 157 162 170 199 257 274 283 297 305 354 363 373 375 382 398 400 410 452 481 512 538 561 573 589 605 606 635 654 688 694 703 704 712 717 730 732 734 767 772 799 805 831 834 836 839 875 877 883 888 889 890 891 902 920 927 
S2
64
65 97 98 109 255 269 271 278 310 322 329 331 336 337 345 362 367 379 421 460 465 471 474 506 511 512 557 569 577 592 608 620 647 648 659 661 666 668 681 707 709 713 715 727 729 735 743 750 769 771 780 807 841 842 845 846 853 854 860 904 913 915 928 933 
S4
63
61 70 78 254 258 259 267 282 285 291 309 346 365 402 420 442 464 469 473 516 525 535 559 564 586 617 627 630 638 650 653 667 673 714 716 721 723 725 728 736 738 742 747 751 752 754 757 759 760 761 782 810 817 830 832 855 886 893 895 897 901 905 922 
TOWER-1
1
TOWER_LATERAL_SURFACE
0
0
4
S6
16
935 943 947 955 959 967 971 979 983 991 995 1003 1007 1015 1019 1027 
S4
16
936 939 948 951 960 963 972 975 984 987 996 999 1008 1011 1020 1023 
S3
8
938 950 962 974 986 998 1010 1022 
S5
24
942 944 945 954 956 957 966 968 969 978 980 981 990 992 993 1002 1004 1005 1014 1016 1017 1026 1028 1029 
3
GLOBAL_OUTER_SURFACE
0
0
0
2
GBS-1
0
0
4
S1
71
60 64 69 95 124 128 148 204 262 263 272 287 306 326 338 347 353 358 360 361 390 405 418 424 428 437 445 454 455 490 493 499 509 526 530 542 552 556 563 576 584 593 628 634 640 643 662 663 665 685 746 775 776 777 778 786 787 790 791 792 793 794 801 808 821 838 849 867 908 912 916 
S3
74
1 4 7 10 15 31 54 55 56 57 67 68 73 76 84 94 106 117 131 157 162 170 199 257 274 283 297 305 354 363 373 375 382 398 400 410 452 481 512 538 561 573 589 605 606 635 654 688 694 703 704 712 717 730 732 734 767 772 799 805 831 834 836 839 875 877 883 888 889 890 891 902 920 927 
S2
64
65 97 98 109 255 269 271 278 310 322 329 331 336 337 345 362 367 379 421 460 465 471 474 506 511 512 557 569 577 592 608 620 647 648 659 661 666 668 681 707 709 713 715 727 729 735 743 750 769 771 780 807 841 842 845 846 853 854 860 904 913 915 928 933 
S4
63
61 70 78 254 258 259 267 282 285 291 309 346 365 402 420 442 464 469 473 516 525 535 559 564 586 617 627 630 638 650 653 667 673 714 716 721 723 725 728 736 738 742 747 751 752 754 757 759 760 761 782 810 817 830 832 855 886 893 895 897 901 905 922 
TOWER-1
0
0
4
S3
8
938 950 962 974 986 998 1010 1022 
S4
16
936 939 948 951 960 963 972 975 984 987 996 999 1008 1011 1020 1023 
S6
16
935 943 947 955 959 967 971 979 983 991 995 1003 1007 1015 1019 1027 
S5
24
942 944 945 954 956 957 966 968 969 978 980 981 990 992 993 1002 1004 1005 1014 1016 1017 1026 1028 1029 
SURF_TIE_MAIN_GBS
0
0
0
1
GBS-1
0
0
3
S3
11
687 692 705 706 758 825 887 914 924 930 931 
S2
5
737 838 895 907 922 
S1
1
832 
SURF_TIE_SECONDARY_TOWER
0
0
0
1
TOWER-1
0
0
1
S2
12
1019 1020 1021 1022 1023 1024 1025 1026 1027 1028 1029 1030 
